<?xml version="1.0" encoding="UTF-8"?>
<testsuite xmlns:xsi="http://www.w3.org/2001/XMLSchema-instance" xsi:noNamespaceSchemaLocation="https://maven.apache.org/surefire/maven-surefire-plugin/xsd/surefire-test-report.xsd" name="com.shaikhraziev.map.UserCreateEditMapperTest" time="0.03" tests="1" errors="0" skipped="0" failures="1">
  <properties>
    <property name="java.specification.version" value="17"/>
    <property name="sun.jnu.encoding" value="UTF-8"/>
    <property name="java.class.path" value="/home/horya/Рабочий стол/Monitoring-Service/target/test-classes:/home/horya/Рабочий стол/Monitoring-Service/target/classes:/home/horya/.m2/repository/junit/junit/4.13.1/junit-4.13.1.jar:/home/horya/.m2/repository/org/hamcrest/hamcrest-core/1.3/hamcrest-core-1.3.jar:/home/horya/.m2/repository/org/junit/jupiter/junit-jupiter-engine/5.10.1/junit-jupiter-engine-5.10.1.jar:/home/horya/.m2/repository/org/junit/platform/junit-platform-engine/1.10.1/junit-platform-engine-1.10.1.jar:/home/horya/.m2/repository/org/opentest4j/opentest4j/1.3.0/opentest4j-1.3.0.jar:/home/horya/.m2/repository/org/junit/platform/junit-platform-commons/1.10.1/junit-platform-commons-1.10.1.jar:/home/horya/.m2/repository/org/junit/jupiter/junit-jupiter-api/5.10.1/junit-jupiter-api-5.10.1.jar:/home/horya/.m2/repository/org/apiguardian/apiguardian-api/1.1.2/apiguardian-api-1.1.2.jar:/home/horya/.m2/repository/org/assertj/assertj-core/3.24.2/assertj-core-3.24.2.jar:/home/horya/.m2/repository/net/bytebuddy/byte-buddy/1.12.21/byte-buddy-1.12.21.jar:/home/horya/.m2/repository/org/projectlombok/lombok/1.18.30/lombok-1.18.30.jar:/home/horya/.m2/repository/org/mockito/mockito-core/5.4.0/mockito-core-5.4.0.jar:/home/horya/.m2/repository/net/bytebuddy/byte-buddy-agent/1.14.5/byte-buddy-agent-1.14.5.jar:/home/horya/.m2/repository/org/objenesis/objenesis/3.3/objenesis-3.3.jar:/home/horya/.m2/repository/org/mockito/mockito-junit-jupiter/5.3.1/mockito-junit-jupiter-5.3.1.jar:/home/horya/.m2/repository/org/postgresql/postgresql/42.6.0/postgresql-42.6.0.jar:/home/horya/.m2/repository/org/checkerframework/checker-qual/3.31.0/checker-qual-3.31.0.jar:"/>
    <property name="java.vm.vendor" value="GraalVM Community"/>
    <property name="sun.arch.data.model" value="64"/>
    <property name="java.vendor.url" value="https://www.graalvm.org/"/>
    <property name="user.timezone" value="Asia/Yekaterinburg"/>
    <property name="os.name" value="Linux"/>
    <property name="java.vm.specification.version" value="17"/>
    <property name="sun.java.launcher" value="SUN_STANDARD"/>
    <property name="user.country" value="RU"/>
    <property name="sun.boot.library.path" value="/home/horya/.jdks/graalvm-jdk-17.0.8/lib"/>
    <property name="sun.java.command" value="/home/horya/Рабочий стол/Monitoring-Service/target/surefire/surefirebooter3430130343268051343.jar /home/horya/Рабочий стол/Monitoring-Service/target/surefire 2024-02-03T18-15-31_151-jvmRun1 surefire10224576185935600442tmp surefire_02415860068675171475tmp"/>
    <property name="jdk.debug" value="release"/>
    <property name="surefire.test.class.path" value="/home/horya/Рабочий стол/Monitoring-Service/target/test-classes:/home/horya/Рабочий стол/Monitoring-Service/target/classes:/home/horya/.m2/repository/junit/junit/4.13.1/junit-4.13.1.jar:/home/horya/.m2/repository/org/hamcrest/hamcrest-core/1.3/hamcrest-core-1.3.jar:/home/horya/.m2/repository/org/junit/jupiter/junit-jupiter-engine/5.10.1/junit-jupiter-engine-5.10.1.jar:/home/horya/.m2/repository/org/junit/platform/junit-platform-engine/1.10.1/junit-platform-engine-1.10.1.jar:/home/horya/.m2/repository/org/opentest4j/opentest4j/1.3.0/opentest4j-1.3.0.jar:/home/horya/.m2/repository/org/junit/platform/junit-platform-commons/1.10.1/junit-platform-commons-1.10.1.jar:/home/horya/.m2/repository/org/junit/jupiter/junit-jupiter-api/5.10.1/junit-jupiter-api-5.10.1.jar:/home/horya/.m2/repository/org/apiguardian/apiguardian-api/1.1.2/apiguardian-api-1.1.2.jar:/home/horya/.m2/repository/org/assertj/assertj-core/3.24.2/assertj-core-3.24.2.jar:/home/horya/.m2/repository/net/bytebuddy/byte-buddy/1.12.21/byte-buddy-1.12.21.jar:/home/horya/.m2/repository/org/projectlombok/lombok/1.18.30/lombok-1.18.30.jar:/home/horya/.m2/repository/org/mockito/mockito-core/5.4.0/mockito-core-5.4.0.jar:/home/horya/.m2/repository/net/bytebuddy/byte-buddy-agent/1.14.5/byte-buddy-agent-1.14.5.jar:/home/horya/.m2/repository/org/objenesis/objenesis/3.3/objenesis-3.3.jar:/home/horya/.m2/repository/org/mockito/mockito-junit-jupiter/5.3.1/mockito-junit-jupiter-5.3.1.jar:/home/horya/.m2/repository/org/postgresql/postgresql/42.6.0/postgresql-42.6.0.jar:/home/horya/.m2/repository/org/checkerframework/checker-qual/3.31.0/checker-qual-3.31.0.jar:"/>
    <property name="sun.cpu.endian" value="little"/>
    <property name="user.home" value="/home/horya"/>
    <property name="user.language" value="ru"/>
    <property name="java.specification.vendor" value="Oracle Corporation"/>
    <property name="java.version.date" value="2023-07-18"/>
    <property name="java.home" value="/home/horya/.jdks/graalvm-jdk-17.0.8"/>
    <property name="file.separator" value="/"/>
    <property name="basedir" value="/home/horya/Рабочий стол/Monitoring-Service"/>
    <property name="java.vm.compressedOopsMode" value="Zero based"/>
    <property name="jdk.internal.vm.ci.enabled" value="true"/>
    <property name="line.separator" value="&#10;"/>
    <property name="java.vm.specification.vendor" value="Oracle Corporation"/>
    <property name="java.specification.name" value="Java Platform API Specification"/>
    <property name="surefire.real.class.path" value="/home/horya/Рабочий стол/Monitoring-Service/target/surefire/surefirebooter3430130343268051343.jar"/>
    <property name="sun.management.compiler" value="HotSpot 64-Bit Tiered Compilers"/>
    <property name="java.runtime.version" value="17.0.8+7-jvmci-23.0-b15"/>
    <property name="user.name" value="horya"/>
    <property name="path.separator" value=":"/>
    <property name="os.version" value="6.2.0-39-generic"/>
    <property name="java.runtime.name" value="OpenJDK Runtime Environment"/>
    <property name="file.encoding" value="UTF-8"/>
    <property name="java.vm.name" value="OpenJDK 64-Bit Server VM"/>
    <property name="java.vendor.version" value="GraalVM CE 17.0.8+7.1"/>
    <property name="localRepository" value="/home/horya/.m2/repository"/>
    <property name="java.vendor.url.bug" value="https://github.com/oracle/graal/issues"/>
    <property name="java.io.tmpdir" value="/tmp"/>
    <property name="idea.version" value="2023.3.3"/>
    <property name="java.version" value="17.0.8"/>
    <property name="user.dir" value="/home/horya/Рабочий стол/Monitoring-Service"/>
    <property name="os.arch" value="amd64"/>
    <property name="java.vm.specification.name" value="Java Virtual Machine Specification"/>
    <property name="native.encoding" value="UTF-8"/>
    <property name="java.library.path" value="/usr/java/packages/lib:/usr/lib64:/lib64:/lib:/usr/lib"/>
    <property name="java.vm.info" value="mixed mode, sharing"/>
    <property name="java.vendor" value="GraalVM Community"/>
    <property name="java.vm.version" value="17.0.8+7-jvmci-23.0-b15"/>
    <property name="sun.io.unicode.encoding" value="UnicodeLittle"/>
    <property name="java.class.version" value="61.0"/>
  </properties>
  <testcase name="shouldMapUserDtoToUser" classname="com.shaikhraziev.map.UserCreateEditMapperTest" time="0.029">
    <failure message="&#10;expected: User(id=null, username=katya, password=123w, role=USER)&#10; but was: User(id=null, username=katya, password=123w, role=null)" type="org.opentest4j.AssertionFailedError">org.opentest4j.AssertionFailedError: 

expected: User(id=null, username=katya, password=123w, role=USER)
 but was: User(id=null, username=katya, password=123w, role=null)
	at com.shaikhraziev.map.UserCreateEditMapperTest.shouldMapUserDtoToUser(UserCreateEditMapperTest.java:26)
</failure>
  </testcase>
</testsuite>